d:\icasphplus5_7\icasphplus\icasphplus\x64\debug\gridcell.obj
d:\icasphplus5_7\icasphplus\icasphplus\x64\debug\iisphfluidobject.obj
d:\icasphplus5_7\icasphplus\icasphplus\x64\debug\particleobject.obj
d:\icasphplus5_7\icasphplus\icasphplus\x64\debug\sphmanager.obj
d:\icasphplus5_7\icasphplus\icasphplus\x64\debug\wcsphparticle.obj
d:\icasphplus5_7\icasphplus\icasphplus\x64\debug\moc_glwidget.obj
d:\icasphplus5_7\icasphplus\icasphplus\x64\debug\functionkit.obj
d:\icasphplus5_7\icasphplus\icasphplus\x64\debug\hashgridlist.obj
d:\icasphplus5_7\icasphplus\icasphplus\x64\debug\iisphparticle.obj
d:\icasphplus5_7\icasphplus\icasphplus\x64\debug\sphkernel.obj
d:\icasphplus5_7\icasphplus\icasphplus\x64\debug\vector3i.obj
d:\icasphplus5_7\icasphplus\icasphplus\x64\debug\wcsphcomputer.obj
d:\icasphplus5_7\icasphplus\icasphplus\x64\debug\glwidget.obj
d:\icasphplus5_7\icasphplus\icasphplus\x64\debug\moc_icasphplus.obj
d:\icasphplus5_7\icasphplus\icasphplus\x64\debug\icasphplus.obj
d:\icasphplus5_7\icasphplus\icasphplus\x64\debug\main.obj
d:\icasphplus5_7\icasphplus\icasphplus\x64\debug\boundary.obj
d:\icasphplus5_7\icasphplus\icasphplus\x64\debug\iisphcomputer.obj
d:\icasphplus5_7\icasphplus\icasphplus\x64\debug\matrix3f.obj
d:\icasphplus5_7\icasphplus\icasphplus\x64\debug\sharedata.obj
d:\icasphplus5_7\icasphplus\icasphplus\x64\debug\vector3f.obj
d:\icasphplus5_7\icasphplus\icasphplus\x64\debug\wcsphfluidobject.obj
d:\icasphplus5_7\icasphplus\icasphplus\x64\debug\vc140.pdb
d:\icasphplus5_7\icasphplus\icasphplus\x64\debug\distancefield.obj
d:\icasphplus5_7\icasphplus\icasphplus\x64\debug\distancefieldnode.obj
d:\icasphplus5_7\icasphplus\icasphplus\x64\debug\qrc_icasphplus.obj
d:\icasphplus5_7\icasphplus\icasphplus\x64\debug\point3d.obj
d:\icasphplus5_7\icasphplus\icasphplus\x64\debug\hgrid.obj
d:\icasphplus5_7\icasphplus\icasphplus\x64\debug\mcdistfield.obj
d:\icasphplus5_7\icasphplus\icasphplus\x64\debug\hashgrid.obj
d:\icasphplus5_7\icasphplus\icasphplus\x64\debug\quaternion.obj
d:\icasphplus5_7\icasphplus\icasphplus\generatedfiles\debug\moc_icasphplus.cpp
d:\icasphplus5_7\icasphplus\icasphplus\generatedfiles\ui_icasphplus.h
d:\icasphplus5_7\icasphplus\icasphplus\generatedfiles\qrc_icasphplus.cpp
d:\icasphplus5_7\icasphplus\icasphplus\generatedfiles\debug\moc_glwidget.cpp
d:\icasphplus5_7\icasphplus\x64\debug\icasphplus.ilk
d:\icasphplus5_7\icasphplus\x64\debug\icasphplus.exe
d:\icasphplus5_7\icasphplus\x64\debug\icasphplus.pdb
d:\icasphplus5_7\icasphplus\icasphplus\x64\debug\icasphplus.tlog\cl.command.1.tlog
d:\icasphplus5_7\icasphplus\icasphplus\x64\debug\icasphplus.tlog\cl.read.1.tlog
d:\icasphplus5_7\icasphplus\icasphplus\x64\debug\icasphplus.tlog\cl.write.1.tlog
d:\icasphplus5_7\icasphplus\icasphplus\x64\debug\icasphplus.tlog\custombuild.command.1.tlog
d:\icasphplus5_7\icasphplus\icasphplus\x64\debug\icasphplus.tlog\custombuild.read.1.tlog
d:\icasphplus5_7\icasphplus\icasphplus\x64\debug\icasphplus.tlog\custombuild.write.1.tlog
d:\icasphplus5_7\icasphplus\icasphplus\x64\debug\icasphplus.tlog\link.command.1.tlog
d:\icasphplus5_7\icasphplus\icasphplus\x64\debug\icasphplus.tlog\link.read.1.tlog
d:\icasphplus5_7\icasphplus\icasphplus\x64\debug\icasphplus.tlog\link.write.1.tlog
