d:\icasphplus5_7\icasphplus\icasphplus\x64\release\moc_glwidget.obj
d:\icasphplus5_7\icasphplus\icasphplus\x64\release\distancefield.obj
d:\icasphplus5_7\icasphplus\icasphplus\x64\release\point3d.obj
d:\icasphplus5_7\icasphplus\icasphplus\x64\release\quaternion.obj
d:\icasphplus5_7\icasphplus\icasphplus\x64\release\boundary.obj
d:\icasphplus5_7\icasphplus\icasphplus\x64\release\iisphcomputer.obj
d:\icasphplus5_7\icasphplus\icasphplus\x64\release\matrix3f.obj
d:\icasphplus5_7\icasphplus\icasphplus\x64\release\vector3f.obj
d:\icasphplus5_7\icasphplus\icasphplus\x64\release\dynamicrigidparticleobject.obj
d:\icasphplus5_7\icasphplus\icasphplus\x64\release\mcdistfield.obj
d:\icasphplus5_7\icasphplus\icasphplus\x64\release\functionkit.obj
d:\icasphplus5_7\icasphplus\icasphplus\x64\release\hashgridlist.obj
d:\icasphplus5_7\icasphplus\icasphplus\x64\release\iisphfluidobject.obj
d:\icasphplus5_7\icasphplus\icasphplus\x64\release\sharedata.obj
d:\icasphplus5_7\icasphplus\icasphplus\x64\release\vector3i.obj
d:\icasphplus5_7\icasphplus\icasphplus\x64\release\wcsphcomputer.obj
d:\icasphplus5_7\icasphplus\icasphplus\x64\release\hgrid.obj
d:\icasphplus5_7\icasphplus\icasphplus\x64\release\main.obj
d:\icasphplus5_7\icasphplus\icasphplus\x64\release\hashgrid.obj
d:\icasphplus5_7\icasphplus\icasphplus\x64\release\gridcell.obj
d:\icasphplus5_7\icasphplus\icasphplus\x64\release\iisphparticle.obj
d:\icasphplus5_7\icasphplus\icasphplus\x64\release\particleobject.obj
d:\icasphplus5_7\icasphplus\icasphplus\x64\release\wcsphparticle.obj
d:\icasphplus5_7\icasphplus\icasphplus\x64\release\glwidget.obj
d:\icasphplus5_7\icasphplus\icasphplus\x64\release\sphmanager.obj
d:\icasphplus5_7\icasphplus\icasphplus\x64\release\icasphplus.obj
d:\icasphplus5_7\icasphplus\icasphplus\x64\release\moc_icasphplus.obj
d:\icasphplus5_7\icasphplus\icasphplus\x64\release\sphkernel.obj
d:\icasphplus5_7\icasphplus\icasphplus\x64\release\wcsphfluidobject.obj
d:\icasphplus5_7\icasphplus\icasphplus\x64\release\qrc_icasphplus.obj
d:\icasphplus5_7\icasphplus\icasphplus\generatedfiles\qrc_icasphplus.cpp
d:\icasphplus5_7\icasphplus\icasphplus\generatedfiles\release\moc_icasphplus.cpp
d:\icasphplus5_7\icasphplus\icasphplus\generatedfiles\release\moc_glwidget.cpp
d:\icasphplus5_7\icasphplus\icasphplus\generatedfiles\ui_icasphplus.h
d:\icasphplus5_7\icasphplus\x64\release\icasphplus.exe
d:\icasphplus5_7\icasphplus\icasphplus\x64\release\icasphplus.tlog\cl.command.1.tlog
d:\icasphplus5_7\icasphplus\icasphplus\x64\release\icasphplus.tlog\cl.read.1.tlog
d:\icasphplus5_7\icasphplus\icasphplus\x64\release\icasphplus.tlog\cl.write.1.tlog
d:\icasphplus5_7\icasphplus\icasphplus\x64\release\icasphplus.tlog\custombuild.command.1.tlog
d:\icasphplus5_7\icasphplus\icasphplus\x64\release\icasphplus.tlog\custombuild.read.1.tlog
d:\icasphplus5_7\icasphplus\icasphplus\x64\release\icasphplus.tlog\custombuild.write.1.tlog
d:\icasphplus5_7\icasphplus\icasphplus\x64\release\icasphplus.tlog\link.command.1.tlog
d:\icasphplus5_7\icasphplus\icasphplus\x64\release\icasphplus.tlog\link.read.1.tlog
d:\icasphplus5_7\icasphplus\icasphplus\x64\release\icasphplus.tlog\link.write.1.tlog
